[INFO] [2018-10-31 11:03:07][org.springframework.web.servlet.DispatcherServlet]FrameworkServlet 'SpringMVC': initialization started
  [INFO] [2018-10-31 11:03:07][org.springframework.web.context.support.XmlWebApplicationContext]Refreshing WebApplicationContext for namespace 'SpringMVC-servlet': startup date [Wed Oct 31 11:03:07 CST 2018]; root of context hierarchy
  [INFO] [2018-10-31 11:03:07][org.springframework.beans.factory.xml.XmlBeanDefinitionReader]Loading XML bean definitions from file [D:\IdeaProjects\target\classes\spring-mvc.xml]
  [INFO] [2018-10-31 11:03:08][org.springframework.beans.factory.xml.XmlBeanDefinitionReader]Loading XML bean definitions from file [D:\IdeaProjects\target\classes\spring-mybatis.xml]
  [INFO] [2018-10-31 11:03:08][org.springframework.context.support.PropertySourcesPlaceholderConfigurer]Loading properties file from class path resource [jdbc.properties]
  [INFO] [2018-10-31 11:03:08][org.springframework.beans.factory.annotation.AutowiredAnnotationBeanPostProcessor]JSR-330 'javax.inject.Inject' annotation found and supported for autowiring
  [INFO] [2018-10-31 11:03:08][org.springframework.web.servlet.handler.SimpleUrlHandlerMapping]Mapped URL path [/fonts/**] onto handler 'org.springframework.web.servlet.resource.ResourceHttpRequestHandler#0'
  [INFO] [2018-10-31 11:03:08][org.springframework.web.servlet.handler.SimpleUrlHandlerMapping]Mapped URL path [/css/**] onto handler 'org.springframework.web.servlet.resource.ResourceHttpRequestHandler#1'
  [INFO] [2018-10-31 11:03:08][org.springframework.web.servlet.handler.SimpleUrlHandlerMapping]Mapped URL path [/js/**] onto handler 'org.springframework.web.servlet.resource.ResourceHttpRequestHandler#2'
  [INFO] [2018-10-31 11:03:08][org.springframework.web.servlet.mvc.method.annotation.RequestMappingHandlerMapping]Mapped "{[/index]}" onto public java.lang.String com.dataLabeling.controller.MainController.init()
  [INFO] [2018-10-31 11:03:08][org.springframework.web.servlet.mvc.method.annotation.RequestMappingHandlerMapping]Mapped "{[/speechTag/list]}" onto public java.lang.String com.dataLabeling.controller.SpeechTagController.getList()
  [INFO] [2018-10-31 11:03:09][org.springframework.web.servlet.mvc.method.annotation.RequestMappingHandlerAdapter]Looking for @ControllerAdvice: WebApplicationContext for namespace 'SpringMVC-servlet': startup date [Wed Oct 31 11:03:07 CST 2018]; root of context hierarchy
  [INFO] [2018-10-31 11:03:09][org.springframework.web.servlet.mvc.method.annotation.RequestMappingHandlerAdapter]Looking for @ControllerAdvice: WebApplicationContext for namespace 'SpringMVC-servlet': startup date [Wed Oct 31 11:03:07 CST 2018]; root of context hierarchy
  [INFO] [2018-10-31 11:03:09][org.springframework.web.servlet.handler.SimpleUrlHandlerMapping]Mapped URL path [/**] onto handler 'org.springframework.web.servlet.resource.DefaultServletHttpRequestHandler#0'
  [INFO] [2018-10-31 11:03:09][org.springframework.web.servlet.DispatcherServlet]FrameworkServlet 'SpringMVC': initialization completed in 1724 ms
  [INFO] [2018-10-31 11:05:42][org.springframework.web.servlet.DispatcherServlet]FrameworkServlet 'SpringMVC': initialization started
  [INFO] [2018-10-31 11:05:42][org.springframework.web.context.support.XmlWebApplicationContext]Refreshing WebApplicationContext for namespace 'SpringMVC-servlet': startup date [Wed Oct 31 11:05:42 CST 2018]; root of context hierarchy
  [INFO] [2018-10-31 11:05:42][org.springframework.beans.factory.xml.XmlBeanDefinitionReader]Loading XML bean definitions from file [D:\IdeaProjects\target\classes\spring-mvc.xml]
  [INFO] [2018-10-31 11:05:42][org.springframework.beans.factory.xml.XmlBeanDefinitionReader]Loading XML bean definitions from file [D:\IdeaProjects\target\classes\spring-mybatis.xml]
  [INFO] [2018-10-31 11:05:43][org.springframework.context.support.PropertySourcesPlaceholderConfigurer]Loading properties file from class path resource [jdbc.properties]
  [INFO] [2018-10-31 11:05:43][org.springframework.beans.factory.annotation.AutowiredAnnotationBeanPostProcessor]JSR-330 'javax.inject.Inject' annotation found and supported for autowiring
  [INFO] [2018-10-31 11:05:43][org.springframework.web.servlet.handler.SimpleUrlHandlerMapping]Mapped URL path [/fonts/**] onto handler 'org.springframework.web.servlet.resource.ResourceHttpRequestHandler#0'
  [INFO] [2018-10-31 11:05:43][org.springframework.web.servlet.handler.SimpleUrlHandlerMapping]Mapped URL path [/css/**] onto handler 'org.springframework.web.servlet.resource.ResourceHttpRequestHandler#1'
  [INFO] [2018-10-31 11:05:43][org.springframework.web.servlet.handler.SimpleUrlHandlerMapping]Mapped URL path [/js/**] onto handler 'org.springframework.web.servlet.resource.ResourceHttpRequestHandler#2'
  [INFO] [2018-10-31 11:05:43][org.springframework.web.servlet.mvc.method.annotation.RequestMappingHandlerMapping]Mapped "{[/index]}" onto public java.lang.String com.dataLabeling.controller.MainController.init()
  [INFO] [2018-10-31 11:05:43][org.springframework.web.servlet.mvc.method.annotation.RequestMappingHandlerMapping]Mapped "{[/speechTag/list]}" onto public java.lang.String com.dataLabeling.controller.SpeechTagController.getList()
  [INFO] [2018-10-31 11:05:43][org.springframework.web.servlet.mvc.method.annotation.RequestMappingHandlerAdapter]Looking for @ControllerAdvice: WebApplicationContext for namespace 'SpringMVC-servlet': startup date [Wed Oct 31 11:05:42 CST 2018]; root of context hierarchy
  [INFO] [2018-10-31 11:05:44][org.springframework.web.servlet.mvc.method.annotation.RequestMappingHandlerAdapter]Looking for @ControllerAdvice: WebApplicationContext for namespace 'SpringMVC-servlet': startup date [Wed Oct 31 11:05:42 CST 2018]; root of context hierarchy
  [INFO] [2018-10-31 11:05:44][org.springframework.web.servlet.handler.SimpleUrlHandlerMapping]Mapped URL path [/**] onto handler 'org.springframework.web.servlet.resource.DefaultServletHttpRequestHandler#0'
  [INFO] [2018-10-31 11:05:44][org.springframework.web.servlet.DispatcherServlet]FrameworkServlet 'SpringMVC': initialization completed in 1981 ms
  [INFO] [2018-10-31 11:12:00][org.springframework.web.servlet.DispatcherServlet]FrameworkServlet 'SpringMVC': initialization started
  [INFO] [2018-10-31 11:12:00][org.springframework.web.context.support.XmlWebApplicationContext]Refreshing WebApplicationContext for namespace 'SpringMVC-servlet': startup date [Wed Oct 31 11:12:00 CST 2018]; root of context hierarchy
  [INFO] [2018-10-31 11:12:00][org.springframework.beans.factory.xml.XmlBeanDefinitionReader]Loading XML bean definitions from file [D:\IdeaProjects\target\classes\spring-mvc.xml]
  [INFO] [2018-10-31 11:12:00][org.springframework.beans.factory.xml.XmlBeanDefinitionReader]Loading XML bean definitions from file [D:\IdeaProjects\target\classes\spring-mybatis.xml]
  [INFO] [2018-10-31 11:12:01][org.springframework.context.support.PropertySourcesPlaceholderConfigurer]Loading properties file from class path resource [jdbc.properties]
  [INFO] [2018-10-31 11:12:01][org.springframework.beans.factory.annotation.AutowiredAnnotationBeanPostProcessor]JSR-330 'javax.inject.Inject' annotation found and supported for autowiring
  [INFO] [2018-10-31 11:12:01][org.springframework.web.servlet.handler.SimpleUrlHandlerMapping]Mapped URL path [/fonts/**] onto handler 'org.springframework.web.servlet.resource.ResourceHttpRequestHandler#0'
  [INFO] [2018-10-31 11:12:01][org.springframework.web.servlet.handler.SimpleUrlHandlerMapping]Mapped URL path [/css/**] onto handler 'org.springframework.web.servlet.resource.ResourceHttpRequestHandler#1'
  [INFO] [2018-10-31 11:12:01][org.springframework.web.servlet.handler.SimpleUrlHandlerMapping]Mapped URL path [/js/**] onto handler 'org.springframework.web.servlet.resource.ResourceHttpRequestHandler#2'
  [INFO] [2018-10-31 11:12:01][org.springframework.web.servlet.mvc.method.annotation.RequestMappingHandlerMapping]Mapped "{[/index]}" onto public java.lang.String com.dataLabeling.controller.MainController.init()
  [INFO] [2018-10-31 11:12:01][org.springframework.web.servlet.mvc.method.annotation.RequestMappingHandlerMapping]Mapped "{[/speechTag/list]}" onto public java.lang.String com.dataLabeling.controller.SpeechTagController.getList()
  [INFO] [2018-10-31 11:12:01][org.springframework.web.servlet.mvc.method.annotation.RequestMappingHandlerAdapter]Looking for @ControllerAdvice: WebApplicationContext for namespace 'SpringMVC-servlet': startup date [Wed Oct 31 11:12:00 CST 2018]; root of context hierarchy
  [INFO] [2018-10-31 11:12:01][org.springframework.web.servlet.mvc.method.annotation.RequestMappingHandlerAdapter]Looking for @ControllerAdvice: WebApplicationContext for namespace 'SpringMVC-servlet': startup date [Wed Oct 31 11:12:00 CST 2018]; root of context hierarchy
  [INFO] [2018-10-31 11:12:02][org.springframework.web.servlet.handler.SimpleUrlHandlerMapping]Mapped URL path [/**] onto handler 'org.springframework.web.servlet.resource.DefaultServletHttpRequestHandler#0'
  [INFO] [2018-10-31 11:12:02][org.springframework.web.servlet.DispatcherServlet]FrameworkServlet 'SpringMVC': initialization completed in 1999 ms
  [INFO] [2018-10-31 11:46:47][org.springframework.web.servlet.DispatcherServlet]FrameworkServlet 'SpringMVC': initialization started
  [INFO] [2018-10-31 11:46:47][org.springframework.web.context.support.XmlWebApplicationContext]Refreshing WebApplicationContext for namespace 'SpringMVC-servlet': startup date [Wed Oct 31 11:46:47 CST 2018]; root of context hierarchy
  [INFO] [2018-10-31 11:46:47][org.springframework.beans.factory.xml.XmlBeanDefinitionReader]Loading XML bean definitions from file [D:\IdeaProjects\target\classes\spring-mvc.xml]
  [INFO] [2018-10-31 11:46:47][org.springframework.beans.factory.xml.XmlBeanDefinitionReader]Loading XML bean definitions from file [D:\IdeaProjects\target\classes\spring-mybatis.xml]
  [INFO] [2018-10-31 11:46:47][org.springframework.context.support.PropertySourcesPlaceholderConfigurer]Loading properties file from class path resource [jdbc.properties]
  [INFO] [2018-10-31 11:46:47][org.springframework.beans.factory.annotation.AutowiredAnnotationBeanPostProcessor]JSR-330 'javax.inject.Inject' annotation found and supported for autowiring
  [INFO] [2018-10-31 11:46:47][org.springframework.web.servlet.handler.SimpleUrlHandlerMapping]Mapped URL path [/fonts/**] onto handler 'org.springframework.web.servlet.resource.ResourceHttpRequestHandler#0'
  [INFO] [2018-10-31 11:46:48][org.springframework.web.servlet.handler.SimpleUrlHandlerMapping]Mapped URL path [/css/**] onto handler 'org.springframework.web.servlet.resource.ResourceHttpRequestHandler#1'
  [INFO] [2018-10-31 11:46:48][org.springframework.web.servlet.handler.SimpleUrlHandlerMapping]Mapped URL path [/js/**] onto handler 'org.springframework.web.servlet.resource.ResourceHttpRequestHandler#2'
  [INFO] [2018-10-31 11:46:48][org.springframework.web.servlet.mvc.method.annotation.RequestMappingHandlerMapping]Mapped "{[/index]}" onto public java.lang.String com.dataLabeling.controller.MainController.init()
  [INFO] [2018-10-31 11:46:48][org.springframework.web.servlet.mvc.method.annotation.RequestMappingHandlerMapping]Mapped "{[/speechTag/list]}" onto public java.lang.String com.dataLabeling.controller.SpeechTagController.getList()
  [INFO] [2018-10-31 11:46:48][org.springframework.web.servlet.mvc.method.annotation.RequestMappingHandlerAdapter]Looking for @ControllerAdvice: WebApplicationContext for namespace 'SpringMVC-servlet': startup date [Wed Oct 31 11:46:47 CST 2018]; root of context hierarchy
  [INFO] [2018-10-31 11:46:48][org.springframework.web.servlet.mvc.method.annotation.RequestMappingHandlerAdapter]Looking for @ControllerAdvice: WebApplicationContext for namespace 'SpringMVC-servlet': startup date [Wed Oct 31 11:46:47 CST 2018]; root of context hierarchy
  [INFO] [2018-10-31 11:46:48][org.springframework.web.servlet.handler.SimpleUrlHandlerMapping]Mapped URL path [/**] onto handler 'org.springframework.web.servlet.resource.DefaultServletHttpRequestHandler#0'
  [INFO] [2018-10-31 11:46:48][org.springframework.web.servlet.DispatcherServlet]FrameworkServlet 'SpringMVC': initialization completed in 1861 ms
  [INFO] [2018-10-31 11:52:44][org.springframework.web.servlet.DispatcherServlet]FrameworkServlet 'SpringMVC': initialization started
  [INFO] [2018-10-31 11:52:44][org.springframework.web.context.support.XmlWebApplicationContext]Refreshing WebApplicationContext for namespace 'SpringMVC-servlet': startup date [Wed Oct 31 11:52:44 CST 2018]; root of context hierarchy
  [INFO] [2018-10-31 11:52:44][org.springframework.beans.factory.xml.XmlBeanDefinitionReader]Loading XML bean definitions from file [D:\IdeaProjects\target\classes\spring-mvc.xml]
  [INFO] [2018-10-31 11:52:44][org.springframework.beans.factory.xml.XmlBeanDefinitionReader]Loading XML bean definitions from file [D:\IdeaProjects\target\classes\spring-mybatis.xml]
  [INFO] [2018-10-31 11:52:45][org.springframework.context.support.PropertySourcesPlaceholderConfigurer]Loading properties file from class path resource [jdbc.properties]
  [INFO] [2018-10-31 11:52:45][org.springframework.beans.factory.annotation.AutowiredAnnotationBeanPostProcessor]JSR-330 'javax.inject.Inject' annotation found and supported for autowiring
  [INFO] [2018-10-31 11:52:45][org.springframework.web.servlet.handler.SimpleUrlHandlerMapping]Mapped URL path [/fonts/**] onto handler 'org.springframework.web.servlet.resource.ResourceHttpRequestHandler#0'
  [INFO] [2018-10-31 11:52:45][org.springframework.web.servlet.handler.SimpleUrlHandlerMapping]Mapped URL path [/css/**] onto handler 'org.springframework.web.servlet.resource.ResourceHttpRequestHandler#1'
  [INFO] [2018-10-31 11:52:45][org.springframework.web.servlet.handler.SimpleUrlHandlerMapping]Mapped URL path [/js/**] onto handler 'org.springframework.web.servlet.resource.ResourceHttpRequestHandler#2'
  [INFO] [2018-10-31 11:52:45][org.springframework.web.servlet.mvc.method.annotation.RequestMappingHandlerMapping]Mapped "{[/index]}" onto public java.lang.String com.dataLabeling.controller.MainController.init()
  [INFO] [2018-10-31 11:52:45][org.springframework.web.servlet.mvc.method.annotation.RequestMappingHandlerMapping]Mapped "{[/speechTag/list]}" onto public java.lang.String com.dataLabeling.controller.SpeechTagController.getList()
  [INFO] [2018-10-31 11:52:46][org.springframework.web.servlet.mvc.method.annotation.RequestMappingHandlerAdapter]Looking for @ControllerAdvice: WebApplicationContext for namespace 'SpringMVC-servlet': startup date [Wed Oct 31 11:52:44 CST 2018]; root of context hierarchy
  [INFO] [2018-10-31 11:52:46][org.springframework.web.servlet.mvc.method.annotation.RequestMappingHandlerAdapter]Looking for @ControllerAdvice: WebApplicationContext for namespace 'SpringMVC-servlet': startup date [Wed Oct 31 11:52:44 CST 2018]; root of context hierarchy
  [INFO] [2018-10-31 11:52:46][org.springframework.web.servlet.handler.SimpleUrlHandlerMapping]Mapped URL path [/**] onto handler 'org.springframework.web.servlet.resource.DefaultServletHttpRequestHandler#0'
  [INFO] [2018-10-31 11:52:46][org.springframework.web.servlet.DispatcherServlet]FrameworkServlet 'SpringMVC': initialization completed in 1974 ms
  [INFO] [2018-10-31 11:54:34][org.springframework.web.servlet.DispatcherServlet]FrameworkServlet 'SpringMVC': initialization started
  [INFO] [2018-10-31 11:54:34][org.springframework.web.context.support.XmlWebApplicationContext]Refreshing WebApplicationContext for namespace 'SpringMVC-servlet': startup date [Wed Oct 31 11:54:34 CST 2018]; root of context hierarchy
  [INFO] [2018-10-31 11:54:34][org.springframework.beans.factory.xml.XmlBeanDefinitionReader]Loading XML bean definitions from file [D:\IdeaProjects\target\classes\spring-mvc.xml]
  [INFO] [2018-10-31 11:54:34][org.springframework.beans.factory.xml.XmlBeanDefinitionReader]Loading XML bean definitions from file [D:\IdeaProjects\target\classes\spring-mybatis.xml]
  [INFO] [2018-10-31 11:54:35][org.springframework.context.support.PropertySourcesPlaceholderConfigurer]Loading properties file from class path resource [jdbc.properties]
  [INFO] [2018-10-31 11:54:35][org.springframework.beans.factory.annotation.AutowiredAnnotationBeanPostProcessor]JSR-330 'javax.inject.Inject' annotation found and supported for autowiring
  [INFO] [2018-10-31 11:54:35][org.springframework.web.servlet.handler.SimpleUrlHandlerMapping]Mapped URL path [/fonts/**] onto handler 'org.springframework.web.servlet.resource.ResourceHttpRequestHandler#0'
  [INFO] [2018-10-31 11:54:35][org.springframework.web.servlet.handler.SimpleUrlHandlerMapping]Mapped URL path [/css/**] onto handler 'org.springframework.web.servlet.resource.ResourceHttpRequestHandler#1'
  [INFO] [2018-10-31 11:54:35][org.springframework.web.servlet.handler.SimpleUrlHandlerMapping]Mapped URL path [/js/**] onto handler 'org.springframework.web.servlet.resource.ResourceHttpRequestHandler#2'
  [INFO] [2018-10-31 11:54:35][org.springframework.web.servlet.mvc.method.annotation.RequestMappingHandlerMapping]Mapped "{[/index]}" onto public java.lang.String com.dataLabeling.controller.MainController.init()
  [INFO] [2018-10-31 11:54:35][org.springframework.web.servlet.mvc.method.annotation.RequestMappingHandlerMapping]Mapped "{[/speechTag/list]}" onto public java.lang.String com.dataLabeling.controller.SpeechTagController.getList()
  [INFO] [2018-10-31 11:54:36][org.springframework.web.servlet.mvc.method.annotation.RequestMappingHandlerAdapter]Looking for @ControllerAdvice: WebApplicationContext for namespace 'SpringMVC-servlet': startup date [Wed Oct 31 11:54:34 CST 2018]; root of context hierarchy
  [INFO] [2018-10-31 11:54:36][org.springframework.web.servlet.mvc.method.annotation.RequestMappingHandlerAdapter]Looking for @ControllerAdvice: WebApplicationContext for namespace 'SpringMVC-servlet': startup date [Wed Oct 31 11:54:34 CST 2018]; root of context hierarchy
  [INFO] [2018-10-31 11:54:36][org.springframework.web.servlet.handler.SimpleUrlHandlerMapping]Mapped URL path [/**] onto handler 'org.springframework.web.servlet.resource.DefaultServletHttpRequestHandler#0'
  [INFO] [2018-10-31 11:54:36][org.springframework.web.servlet.DispatcherServlet]FrameworkServlet 'SpringMVC': initialization completed in 1745 ms
  [INFO] [2018-10-31 12:04:47][org.springframework.web.servlet.DispatcherServlet]FrameworkServlet 'SpringMVC': initialization started
  [INFO] [2018-10-31 12:04:47][org.springframework.web.context.support.XmlWebApplicationContext]Refreshing WebApplicationContext for namespace 'SpringMVC-servlet': startup date [Wed Oct 31 12:04:47 CST 2018]; root of context hierarchy
  [INFO] [2018-10-31 12:04:47][org.springframework.beans.factory.xml.XmlBeanDefinitionReader]Loading XML bean definitions from file [D:\IdeaProjects\target\classes\spring-mvc.xml]
  [INFO] [2018-10-31 12:04:47][org.springframework.beans.factory.xml.XmlBeanDefinitionReader]Loading XML bean definitions from file [D:\IdeaProjects\target\classes\spring-mybatis.xml]
  [INFO] [2018-10-31 12:04:48][org.springframework.context.support.PropertySourcesPlaceholderConfigurer]Loading properties file from class path resource [jdbc.properties]
  [INFO] [2018-10-31 12:04:48][org.springframework.beans.factory.annotation.AutowiredAnnotationBeanPostProcessor]JSR-330 'javax.inject.Inject' annotation found and supported for autowiring
  [INFO] [2018-10-31 12:04:48][org.springframework.web.servlet.handler.SimpleUrlHandlerMapping]Mapped URL path [/fonts/**] onto handler 'org.springframework.web.servlet.resource.ResourceHttpRequestHandler#0'
  [INFO] [2018-10-31 12:04:48][org.springframework.web.servlet.handler.SimpleUrlHandlerMapping]Mapped URL path [/css/**] onto handler 'org.springframework.web.servlet.resource.ResourceHttpRequestHandler#1'
  [INFO] [2018-10-31 12:04:48][org.springframework.web.servlet.handler.SimpleUrlHandlerMapping]Mapped URL path [/js/**] onto handler 'org.springframework.web.servlet.resource.ResourceHttpRequestHandler#2'
  [INFO] [2018-10-31 12:04:48][org.springframework.web.servlet.mvc.method.annotation.RequestMappingHandlerMapping]Mapped "{[/index]}" onto public java.lang.String com.dataLabeling.controller.MainController.init()
  [INFO] [2018-10-31 12:04:48][org.springframework.web.servlet.mvc.method.annotation.RequestMappingHandlerMapping]Mapped "{[/speechTag/list]}" onto public java.lang.String com.dataLabeling.controller.SpeechTagController.getList()
  [INFO] [2018-10-31 12:04:48][org.springframework.web.servlet.mvc.method.annotation.RequestMappingHandlerAdapter]Looking for @ControllerAdvice: WebApplicationContext for namespace 'SpringMVC-servlet': startup date [Wed Oct 31 12:04:47 CST 2018]; root of context hierarchy
  [INFO] [2018-10-31 12:04:48][org.springframework.web.servlet.mvc.method.annotation.RequestMappingHandlerAdapter]Looking for @ControllerAdvice: WebApplicationContext for namespace 'SpringMVC-servlet': startup date [Wed Oct 31 12:04:47 CST 2018]; root of context hierarchy
  [INFO] [2018-10-31 12:04:49][org.springframework.web.servlet.handler.SimpleUrlHandlerMapping]Mapped URL path [/**] onto handler 'org.springframework.web.servlet.resource.DefaultServletHttpRequestHandler#0'
  [INFO] [2018-10-31 12:04:49][org.springframework.web.servlet.DispatcherServlet]FrameworkServlet 'SpringMVC': initialization completed in 1774 ms
  [INFO] [2018-10-31 14:01:16][org.springframework.web.servlet.DispatcherServlet]FrameworkServlet 'SpringMVC': initialization started
  [INFO] [2018-10-31 14:01:16][org.springframework.web.context.support.XmlWebApplicationContext]Refreshing WebApplicationContext for namespace 'SpringMVC-servlet': startup date [Wed Oct 31 14:01:16 CST 2018]; root of context hierarchy
  [INFO] [2018-10-31 14:01:16][org.springframework.beans.factory.xml.XmlBeanDefinitionReader]Loading XML bean definitions from file [D:\IdeaProjects\target\classes\spring-mvc.xml]
  [INFO] [2018-10-31 14:01:16][org.springframework.beans.factory.xml.XmlBeanDefinitionReader]Loading XML bean definitions from file [D:\IdeaProjects\target\classes\spring-mybatis.xml]
  [INFO] [2018-10-31 14:01:17][org.springframework.context.support.PropertySourcesPlaceholderConfigurer]Loading properties file from class path resource [jdbc.properties]
  [INFO] [2018-10-31 14:01:17][org.springframework.beans.factory.annotation.AutowiredAnnotationBeanPostProcessor]JSR-330 'javax.inject.Inject' annotation found and supported for autowiring
  [INFO] [2018-10-31 14:01:17][org.springframework.web.servlet.handler.SimpleUrlHandlerMapping]Mapped URL path [/fonts/**] onto handler 'org.springframework.web.servlet.resource.ResourceHttpRequestHandler#0'
  [INFO] [2018-10-31 14:01:17][org.springframework.web.servlet.handler.SimpleUrlHandlerMapping]Mapped URL path [/css/**] onto handler 'org.springframework.web.servlet.resource.ResourceHttpRequestHandler#1'
  [INFO] [2018-10-31 14:01:17][org.springframework.web.servlet.handler.SimpleUrlHandlerMapping]Mapped URL path [/js/**] onto handler 'org.springframework.web.servlet.resource.ResourceHttpRequestHandler#2'
  [INFO] [2018-10-31 14:01:17][org.springframework.web.servlet.mvc.method.annotation.RequestMappingHandlerMapping]Mapped "{[/index]}" onto public java.lang.String com.dataLabeling.controller.MainController.init()
  [INFO] [2018-10-31 14:01:17][org.springframework.web.servlet.mvc.method.annotation.RequestMappingHandlerMapping]Mapped "{[/speechTag/list]}" onto public java.lang.String com.dataLabeling.controller.SpeechTagController.getList()
  [INFO] [2018-10-31 14:01:17][org.springframework.web.servlet.mvc.method.annotation.RequestMappingHandlerAdapter]Looking for @ControllerAdvice: WebApplicationContext for namespace 'SpringMVC-servlet': startup date [Wed Oct 31 14:01:16 CST 2018]; root of context hierarchy
  [INFO] [2018-10-31 14:01:18][org.springframework.web.servlet.mvc.method.annotation.RequestMappingHandlerAdapter]Looking for @ControllerAdvice: WebApplicationContext for namespace 'SpringMVC-servlet': startup date [Wed Oct 31 14:01:16 CST 2018]; root of context hierarchy
  [INFO] [2018-10-31 14:01:18][org.springframework.web.servlet.handler.SimpleUrlHandlerMapping]Mapped URL path [/**] onto handler 'org.springframework.web.servlet.resource.DefaultServletHttpRequestHandler#0'
  [INFO] [2018-10-31 14:01:18][org.springframework.web.servlet.DispatcherServlet]FrameworkServlet 'SpringMVC': initialization completed in 1965 ms
  